# JRE version: OpenJDK Runtime Environment (8.0_222-b10) (build 1.8.0_222-b10)
# Java VM: OpenJDK 64-Bit Server VM (25.222-b10 mixed mode bsd-amd64 compressed oops)
Heap:
 PSYoungGen      total 255488K, used 48584K [0x00000007aab00000, 0x00000007c0000000, 0x00000007c0000000)
  eden space 203776K, 0% used [0x00000007aab00000,0x00000007aab00000,0x00000007b7200000)
  from space 51712K, 93% used [0x00000007bcd80000,0x00000007bfcf21f0,0x00000007c0000000)
  to   space 72704K, 0% used [0x00000007b7200000,0x00000007b7200000,0x00000007bb900000)
 ParOldGen       total 263680K, used 231540K [0x0000000780000000, 0x0000000790180000, 0x00000007aab00000)
  object space 263680K, 87% used [0x0000000780000000,0x000000078e21d018,0x0000000790180000)
 Metaspace       used 84608K, capacity 87672K, committed 87848K, reserved 1126400K
  class space    used 10901K, capacity 11534K, committed 11568K, reserved 1048576K
GC Heap History (10 events):
Event: 46.513 GC heap after
Heap after GC invocations=31 (full 3):
 PSYoungGen      total 294912K, used 3228K [0x00000007aab00000, 0x00000007bfb00000, 0x00000007c0000000)
  eden space 246784K, 0% used [0x00000007aab00000,0x00000007aab00000,0x00000007b9c00000)
  from space 48128K, 6% used [0x00000007bcc00000,0x00000007bcf27058,0x00000007bfb00000)
  to   space 48640K, 0% used [0x00000007b9c00000,0x00000007b9c00000,0x00000007bcb80000)
 ParOldGen       total 263680K, used 165154K [0x0000000780000000, 0x0000000790180000, 0x00000007aab00000)
  object space 263680K, 62% used [0x0000000780000000,0x000000078a1488a0,0x0000000790180000)
 Metaspace       used 82306K, capacity 84964K, committed 85288K, reserved 1124352K
  class space    used 10608K, capacity 11190K, committed 11312K, reserved 1048576K
}
Event: 48.560 GC heap before
{Heap before GC invocations=32 (full 3):
 PSYoungGen      total 294912K, used 250012K [0x00000007aab00000, 0x00000007bfb00000, 0x00000007c0000000)
  eden space 246784K, 100% used [0x00000007aab00000,0x00000007b9c00000,0x00000007b9c00000)
  from space 48128K, 6% used [0x00000007bcc00000,0x00000007bcf27058,0x00000007bfb00000)
  to   space 48640K, 0% used [0x00000007b9c00000,0x00000007b9c00000,0x00000007bcb80000)
 ParOldGen       total 263680K, used 165154K [0x0000000780000000, 0x0000000790180000, 0x00000007aab00000)
  object space 263680K, 62% used [0x0000000780000000,0x000000078a1488a0,0x0000000790180000)
 Metaspace       used 82868K, capacity 85520K, committed 85800K, reserved 1124352K
  class space    used 10659K, capacity 11248K, committed 11312K, reserved 1048576K
Event: 48.593 GC heap after
Heap after GC invocations=32 (full 3):
 PSYoungGen      total 295424K, used 31809K [0x00000007aab00000, 0x00000007c0000000, 0x00000007c0000000)
  eden space 246784K, 0% used [0x00000007aab00000,0x00000007aab00000,0x00000007b9c00000)
  from space 48640K, 65% used [0x00000007b9c00000,0x00000007bbb10478,0x00000007bcb80000)
  to   space 51712K, 0% used [0x00000007bcd80000,0x00000007bcd80000,0x00000007c0000000)
 ParOldGen       total 263680K, used 165162K [0x0000000780000000, 0x0000000790180000, 0x00000007aab00000)
  object space 263680K, 62% used [0x0000000780000000,0x000000078a14a8a0,0x0000000790180000)
 Metaspace       used 82868K, capacity 85520K, committed 85800K, reserved 1124352K
  class space    used 10659K, capacity 11248K, committed 11312K, reserved 1048576K
}
Event: 52.420 GC heap before
{Heap before GC invocations=33 (full 3):
 PSYoungGen      total 295424K, used 278593K [0x00000007aab00000, 0x00000007c0000000, 0x00000007c0000000)
  eden space 246784K, 100% used [0x00000007aab00000,0x00000007b9c00000,0x00000007b9c00000)
  from space 48640K, 65% used [0x00000007b9c00000,0x00000007bbb10478,0x00000007bcb80000)
  to   space 51712K, 0% used [0x00000007bcd80000,0x00000007bcd80000,0x00000007c0000000)
 ParOldGen       total 263680K, used 165162K [0x0000000780000000, 0x0000000790180000, 0x00000007aab00000)
  object space 263680K, 62% used [0x0000000780000000,0x000000078a14a8a0,0x0000000790180000)
 Metaspace       used 83914K, capacity 86788K, committed 86952K, reserved 1124352K
  class space    used 10796K, capacity 11414K, committed 11440K, reserved 1048576K
Event: 52.430 GC heap after
Heap after GC invocations=33 (full 3):
 PSYoungGen      total 298496K, used 6718K [0x00000007aab00000, 0x00000007bff00000, 0x00000007c0000000)
  eden space 247808K, 0% used [0x00000007aab00000,0x00000007aab00000,0x00000007b9d00000)
  from space 50688K, 13% used [0x00000007bcd80000,0x00000007bd40fba8,0x00000007bff00000)
  to   space 49664K, 0% used [0x00000007b9d00000,0x00000007b9d00000,0x00000007bcd80000)
 ParOldGen       total 263680K, used 165170K [0x0000000780000000, 0x0000000790180000, 0x00000007aab00000)
  object space 263680K, 62% used [0x0000000780000000,0x000000078a14c8a0,0x0000000790180000)
 Metaspace       used 83914K, capacity 86788K, committed 86952K, reserved 1124352K
  class space    used 10796K, capacity 11414K, committed 11440K, reserved 1048576K
}
Event: 53.113 GC heap before
{Heap before GC invocations=34 (full 3):
 PSYoungGen      total 298496K, used 244755K [0x00000007aab00000, 0x00000007bff00000, 0x00000007c0000000)
  eden space 247808K, 96% used [0x00000007aab00000,0x00000007b93751f0,0x00000007b9d00000)
  from space 50688K, 13% used [0x00000007bcd80000,0x00000007bd40fba8,0x00000007bff00000)
  to   space 49664K, 0% used [0x00000007b9d00000,0x00000007b9d00000,0x00000007bcd80000)
 ParOldGen       total 263680K, used 165170K [0x0000000780000000, 0x0000000790180000, 0x00000007aab00000)
  object space 263680K, 62% used [0x0000000780000000,0x000000078a14c8a0,0x0000000790180000)
 Metaspace       used 84571K, capacity 87586K, committed 87848K, reserved 1126400K
  class space    used 10898K, capacity 11529K, committed 11568K, reserved 1048576K
Event: 53.149 GC heap after
Heap after GC invocations=34 (full 3):
 PSYoungGen      total 297472K, used 49635K [0x00000007aab00000, 0x00000007c0000000, 0x00000007c0000000)
  eden space 247808K, 0% used [0x00000007aab00000,0x00000007aab00000,0x00000007b9d00000)
  from space 49664K, 99% used [0x00000007b9d00000,0x00000007bcd78f60,0x00000007bcd80000)
  to   space 51712K, 0% used [0x00000007bcd80000,0x00000007bcd80000,0x00000007c0000000)
 ParOldGen       total 263680K, used 185719K [0x0000000780000000, 0x0000000790180000, 0x00000007aab00000)
  object space 263680K, 70% used [0x0000000780000000,0x000000078b55df08,0x0000000790180000)
 Metaspace       used 84571K, capacity 87586K, committed 87848K, reserved 1126400K
  class space    used 10898K, capacity 11529K, committed 11568K, reserved 1048576K
}
Event: 54.291 GC heap before
{Heap before GC invocations=35 (full 3):
 PSYoungGen      total 297472K, used 294787K [0x00000007aab00000, 0x00000007c0000000, 0x00000007c0000000)
  eden space 247808K, 98% used [0x00000007aab00000,0x00000007b9a68088,0x00000007b9d00000)
  from space 49664K, 99% used [0x00000007b9d00000,0x00000007bcd78f60,0x00000007bcd80000)
  to   space 51712K, 0% used [0x00000007bcd80000,0x00000007bcd80000,0x00000007c0000000)
 ParOldGen       total 263680K, used 185719K [0x0000000780000000, 0x0000000790180000, 0x00000007aab00000)
  object space 263680K, 70% used [0x0000000780000000,0x000000078b55df08,0x0000000790180000)
 Metaspace       used 84608K, capacity 87672K, committed 87848K, reserved 1126400K
  class space    used 10901K, capacity 11534K, committed 11568K, reserved 1048576K
Event: 54.345 GC heap after
Heap after GC invocations=35 (full 3):
 PSYoungGen      total 255488K, used 48584K [0x00000007aab00000, 0x00000007c0000000, 0x00000007c0000000)
  eden space 203776K, 0% used [0x00000007aab00000,0x00000007aab00000,0x00000007b7200000)
  from space 51712K, 93% used [0x00000007bcd80000,0x00000007bfcf21f0,0x00000007c0000000)
  to   space 72704K, 0% used [0x00000007b7200000,0x00000007b7200000,0x00000007bb900000)
 ParOldGen       total 263680K, used 231540K [0x0000000780000000, 0x0000000790180000, 0x00000007aab00000)
  object space 263680K, 87% used [0x0000000780000000,0x000000078e21d018,0x0000000790180000)
 Metaspace       used 84608K, capacity 87672K, committed 87848K, reserved 1126400K
  class space    used 10901K, capacity 11534K, committed 11568K, reserved 1048576K
}
Event: 54.345 GC heap before
{Heap before GC invocations=36 (full 4):
 PSYoungGen      total 255488K, used 48584K [0x00000007aab00000, 0x00000007c0000000, 0x00000007c0000000)
  eden space 203776K, 0% used [0x00000007aab00000,0x00000007aab00000,0x00000007b7200000)
  from space 51712K, 93% used [0x00000007bcd80000,0x00000007bfcf21f0,0x00000007c0000000)
  to   space 72704K, 0% used [0x00000007b7200000,0x00000007b7200000,0x00000007bb900000)
 ParOldGen       total 263680K, used 231540K [0x0000000780000000, 0x0000000790180000, 0x00000007aab00000)
  object space 263680K, 87% used [0x0000000780000000,0x000000078e21d018,0x0000000790180000)
 Metaspace       used 84608K, capacity 87672K, committed 87848K, reserved 1126400K
  class space    used 10901K, capacity 11534K, committed 11568K, reserved 1048576K

